================================================================================
OPTIMIZED PROTEIN FUNCTION PREDICTION MODEL
================================================================================

[1/8] Loading data...
  ✓ Loaded 537,027 GO term annotations
  ✓ Loaded 82,404 taxonomy entries

[2/8] Parsing FASTA sequences...
  ✓ Parsed 82,404 protein sequences

[3/8] Extracting features from sequences...
  Processed 5,000/82,404 sequences...
  Processed 10,000/82,404 sequences...
  Processed 15,000/82,404 sequences...
  Processed 20,000/82,404 sequences...
  Processed 25,000/82,404 sequences...
  Processed 30,000/82,404 sequences...
  Processed 35,000/82,404 sequences...
  Processed 40,000/82,404 sequences...
  Processed 45,000/82,404 sequences...
  Processed 50,000/82,404 sequences...
  Processed 55,000/82,404 sequences...
  Processed 60,000/82,404 sequences...
  Processed 65,000/82,404 sequences...
  Processed 70,000/82,404 sequences...
  Processed 75,000/82,404 sequences...
  Processed 80,000/82,404 sequences...
  ✓ Extracted 103 features from 82,404 proteins

[4/8] Preparing GO term labels...
  Processed 100,000/537,027 annotations...
  Processed 200,000/537,027 annotations...
  Processed 300,000/537,027 annotations...
  Processed 400,000/537,027 annotations...
  Processed 500,000/537,027 annotations...
  ✓ Found 82,404 entries with both sequences and GO terms

  Focusing on top 500 GO terms
  Most common: [('GO:0005515', 33713), ('GO:0005634', 13283), ('GO:0005829', 13040), ('GO:0005886', 10150), ('GO:0005737', 9442)]
  ✓ Label matrix: (82404, 500)
  ✓ Average labels per protein: 3.21

[5/8] Splitting data...
  ✓ Training: 70,043 samples
  ✓ Validation: 12,361 samples

[6/8] Training Random Forest model...
  Using Random Forest with optimized parameters...
  Training 500 Random Forest classifiers...
