Loading data...
Loaded 537027 term annotations
Loaded 82404 taxonomy entries
Parsing FASTA sequences...
Parsed 82404 protein sequences
Extracting features from sequences...
Extracted features shape: (82404, 68)
Standardizing features...
Feature scaling complete
Preparing GO term labels...
Found 82404 entries with both sequences and GO terms
Total unique GO terms: 26125
Label matrix shape: (82404, 26125)

Focusing on top 1000 most common GO terms
Most common terms: [('GO:0005515', 33713), ('GO:0005634', 13283), ('GO:0005829', 13040), ('GO:0005886', 10150), ('GO:0005737', 9442), ('GO:0005739', 5807), ('GO:0005654', 5065), ('GO:0016020', 3563), ('GO:0042802', 3547), ('GO:0005576', 3241)]
Filtered label matrix shape: (82404, 1000)
Average labels per protein: 3.78

Training set size: 70043
Test set size: 12361

Training improved multi-label logistic regression model...
This may take several minutes...
/home/vohai/Downloads/cafa-6-protein-function-prediction/.venv/lib/python3.12/site-packages/joblib/externals/loky/backend/resource_tracker.py:359: UserWarning: resource_tracker: There appear to be 1 leaked file objects to clean up at shutdown
  warnings.warn(
/home/vohai/Downloads/cafa-6-protein-function-prediction/.venv/lib/python3.12/site-packages/joblib/externals/loky/backend/resource_tracker.py:359: UserWarning: resource_tracker: There appear to be 26 leaked semlock objects to clean up at shutdown
  warnings.warn(
/home/vohai/Downloads/cafa-6-protein-function-prediction/.venv/lib/python3.12/site-packages/joblib/externals/loky/backend/resource_tracker.py:359: UserWarning: resource_tracker: There appear to be 2 leaked folder objects to clean up at shutdown
  warnings.warn(
